<?xml version="1.0" encoding="UTF-8"?>
<!-- Generated by org.testng.reporters.JUnitReportReporter -->
<testsuite hostname="L-158017242" failures="0" tests="6" name="TestNG.day4" time="0.006" errors="0" timestamp="2024-08-21T16:55:51 IST" skipped="0">
  <testcase classname="TestNG.day4" name="MobileHomeloanProcess" time="0.001"/>
  <system-out/>
  <testcase classname="TestNG.day4" name="MobileHomeloanLogin" time="0.000"/>
  <system-out/>
  <testcase classname="TestNG.day4" name="APIHomeLoanLogin" time="0.002"/>
  <system-out/>
  <testcase classname="TestNG.day4" name="MobileHomeloanSignIn" time="0.001"/>
  <system-out/>
  <testcase classname="TestNG.day4" name="MobileHomeloanSignOut" time="0.001"/>
  <system-out/>
  <testcase classname="TestNG.day4" name="WebHomeLoanLogin" time="0.001"/>
  <system-out/>
</testsuite> <!-- TestNG.day4 -->
