<?xml version="1.0" encoding="UTF-8"?>
<!-- Generated by org.testng.reporters.JUnitReportReporter -->
<testsuite hostname="L-158017242" failures="0" tests="4" name="javaStreams" time="0.025" errors="0" timestamp="2024-08-06T21:24:35 IST" skipped="0">
  <testcase classname="javaStreams" name="StreamMap" time="0.007"/>
  <system-out/>
  <testcase classname="javaStreams" name="StreamCollect" time="0.012"/>
  <system-out/>
  <testcase classname="javaStreams" name="StreamFilter" time="0.005"/>
  <system-out/>
  <testcase classname="javaStreams" name="regular" time="0.001"/>
  <system-out/>
</testsuite> <!-- javaStreams -->
