<?xml version="1.0" encoding="UTF-8"?>
<!-- Generated by org.testng.reporters.JUnitReportReporter -->
<testsuite hostname="L-158017242" failures="0" tests="3" name="TestNG.day2x" time="0.002" errors="0" timestamp="2024-08-21T16:55:51 IST" skipped="0">
  <testcase classname="TestNG.day2x" name="ploan" time="0.001"/>
  <system-out/>
  <testcase classname="TestNG.day2x" name="ploan" time="0.000"/>
  <system-out/>
  <testcase classname="TestNG.day2x" name="ploan" time="0.001"/>
  <system-out/>
</testsuite> <!-- TestNG.day2x -->
