<?xml version="1.0" encoding="UTF-8"?>
<!-- Generated by org.testng.reporters.JUnitReportReporter -->
<testsuite hostname="L-158017242" failures="0" tests="2" name="TestNG.day1" time="0.009" errors="0" timestamp="2024-08-21T16:55:51 IST" skipped="0">
  <testcase classname="TestNG.day1" name="demo" time="0.008"/>
  <system-out/>
  <testcase classname="TestNG.day1" name="secondTest" time="0.001"/>
  <system-out/>
</testsuite> <!-- TestNG.day1 -->
