<?xml version="1.0" encoding="UTF-8"?>
<!-- Generated by org.testng.reporters.JUnitReportReporter -->
<testsuite hostname="L-158017242" failures="0" tests="1" name="SelniumUdemyFrameWorkPract2.MyExtentReports" time="22.401" errors="0" timestamp="2025-01-24T17:33:10 IST" skipped="0">
  <testcase classname="SelniumUdemyFrameWorkPract2.MyExtentReports" name="extentReports" time="22.401"/>
  <system-out/>
</testsuite> <!-- SelniumUdemyFrameWorkPract2.MyExtentReports -->
