<?xml version="1.0" encoding="UTF-8"?>
<!-- Generated by org.testng.reporters.JUnitReportReporter -->
<testsuite hostname="L-158017242" failures="0" tests="3" name="TestNG.day3" time="0.003" errors="0" timestamp="2024-08-21T16:55:51 IST" skipped="0">
  <testcase classname="TestNG.day3" name="APICarLoanLogin" time="0.000"/>
  <system-out/>
  <testcase classname="TestNG.day3" name="WebcarLoanLogin" time="0.001"/>
  <system-out/>
  <testcase classname="TestNG.day3" name="MobileCarloanLogin" time="0.002"/>
  <system-out/>
</testsuite> <!-- TestNG.day3 -->
